Using pre-set license
Built from '2020.2/release' branch; Version is '2020.2.1f1 (270dd8c3da1c) revision 2559448'; Using compiler version '192528614'; Build Type 'Release'
OS: 'Windows 10  (10.0.0) 64bit' Language: 'es' Physical Memory: 16295 MB
BatchMode: 1, IsHumanControllingUs: 0, StartBugReporterOnCrash: 0, Is64bit: 1, IsPro: 0

 COMMAND LINE ARGUMENTS:
C:\Program Files\Unity\Hub\Editor\2020.2.1f1\Editor\Unity.exe
-adb2
-batchMode
-noUpm
-name
AssetImportWorker0
-projectPath
C:/Users/Usuario/Projects/Proyecto_Primero_CDI/Proyecto
-logFile
Logs/AssetImportWorker0.log
-srvPort
59136
Successfully changed project path to: C:/Users/Usuario/Projects/Proyecto_Primero_CDI/Proyecto
C:/Users/Usuario/Projects/Proyecto_Primero_CDI/Proyecto
Using Asset Import Pipeline V2.
Refreshing native plugins compatible for Editor in 33.10 ms, found 1 plugins.
Preloading 0 native plugins for Editor in 0.00 ms.
Initialize engine version: 2020.2.1f1 (270dd8c3da1c)
[Subsystems] Discovering subsystems at path C:/Program Files/Unity/Hub/Editor/2020.2.1f1/Editor/Data/Resources/UnitySubsystems
[Subsystems] Discovering subsystems at path C:/Users/Usuario/Projects/Proyecto_Primero_CDI/Proyecto/Assets
GfxDevice: creating device client; threaded=0
Direct3D:
    Version:  Direct3D 11.0 [level 11.1]
    Renderer: NVIDIA GeForce GTX 1650 (ID=0x1f0a)
    Vendor:   
    VRAM:     3961 MB
    Driver:   27.21.14.6589
Initialize mono
Mono path[0] = 'C:/Program Files/Unity/Hub/Editor/2020.2.1f1/Editor/Data/Managed'
Mono path[1] = 'C:/Program Files/Unity/Hub/Editor/2020.2.1f1/Editor/Data/MonoBleedingEdge/lib/mono/unityjit'
Mono config path = 'C:/Program Files/Unity/Hub/Editor/2020.2.1f1/Editor/Data/MonoBleedingEdge/etc'
Using monoOptions --debugger-agent=transport=dt_socket,embedding=1,server=y,suspend=n,address=127.0.0.1:56540
Begin MonoManager ReloadAssembly
Registering precompiled unity dll's ...
Register platform support module: C:/Program Files/Unity/Hub/Editor/2020.2.1f1/Editor/Data/PlaybackEngines/WindowsStandaloneSupport/UnityEditor.WindowsStandalone.Extensions.dll
Registered in 0.001397 seconds.
Native extension for WindowsStandalone target not found
Refreshing native plugins compatible for Editor in 32.86 ms, found 1 plugins.
Preloading 0 native plugins for Editor in 0.00 ms.
Invoked RoslynAnalysisRunner static constructor.
RoslynAnalysisRunner will not be running.
RoslynAnalysisRunner has terminated.
Mono: successfully reloaded assembly
- Completed reload, in  1.098 seconds
Platform modules already initialized, skipping
Registering precompiled user dll's ...
Registered in 0.000639 seconds.
Begin MonoManager ReloadAssembly
Native extension for WindowsStandalone target not found
Refreshing native plugins compatible for Editor in 32.38 ms, found 1 plugins.
Preloading 0 native plugins for Editor in 0.00 ms.
Invoked RoslynAnalysisRunner static constructor.
RoslynAnalysisRunner will not be running.
RoslynAnalysisRunner has terminated.
Mono: successfully reloaded assembly
- Completed reload, in  0.885 seconds
Platform modules already initialized, skipping
========================================================================
Worker process is ready to serve import requests
Launched and connected shader compiler UnityShaderCompiler.exe after 0.03 seconds
Refreshing native plugins compatible for Editor in 0.42 ms, found 1 plugins.
Preloading 0 native plugins for Editor in 0.00 ms.
Unloading 1794 Unused Serialized files (Serialized files now loaded: 0)
System memory in use before: 83.8 MB.
System memory in use after: 83.7 MB.

Unloading 24 unused Assets to reduce memory usage. Loaded Objects now: 2234.
Total: 1.826200 ms (FindLiveObjects: 0.225800 ms CreateObjectMapping: 0.040500 ms MarkObjects: 1.434500 ms  DeleteObjects: 0.124200 ms)

========================================================================
Received Import Request.
  path: Assets/Prefabs/Levels/Level.prefab
  artifactKey: Guid(461eb2c6a72e44f41802417b4e832327) Importer(815301076,1909f56bfc062723c751e8b465ee728b)
Start importing Assets/Prefabs/Levels/Level.prefab using Guid(461eb2c6a72e44f41802417b4e832327) Importer(815301076,1909f56bfc062723c751e8b465ee728b)  -> (artifact id: '392d58382a77040859d1f9ff2d08c594') in 0.041164 seconds
  Import took 0.045065 seconds .

========================================================================
Received Import Request.
  Time since last request: 1.956496 seconds.
  path: Assets/Prefabs/Levels
  artifactKey: Guid(c3eb6fcecd66b3844a209708ea5514cf) Importer(815301076,1909f56bfc062723c751e8b465ee728b)
Start importing Assets/Prefabs/Levels using Guid(c3eb6fcecd66b3844a209708ea5514cf) Importer(815301076,1909f56bfc062723c751e8b465ee728b)  -> (artifact id: 'f5fe74cec5aa7c36bedf321f0ebc5a3b') in 0.009129 seconds
  Import took 0.012633 seconds .

========================================================================
Received Prepare
Registering precompiled user dll's ...
Registered in 0.000847 seconds.
Begin MonoManager ReloadAssembly
Native extension for WindowsStandalone target not found
Refreshing native plugins compatible for Editor in 0.35 ms, found 1 plugins.
Preloading 0 native plugins for Editor in 0.00 ms.
Invoked RoslynAnalysisRunner static constructor.
RoslynAnalysisRunner will not be running.
RoslynAnalysisRunner has terminated.
Mono: successfully reloaded assembly
- Completed reload, in  0.803 seconds
Platform modules already initialized, skipping
Refreshing native plugins compatible for Editor in 0.43 ms, found 1 plugins.
Preloading 0 native plugins for Editor in 0.00 ms.
Unloading 1790 Unused Serialized files (Serialized files now loaded: 0)
System memory in use before: 83.8 MB.
System memory in use after: 83.8 MB.

Unloading 12 unused Assets to reduce memory usage. Loaded Objects now: 2238.
Total: 2.047400 ms (FindLiveObjects: 0.203800 ms CreateObjectMapping: 0.037900 ms MarkObjects: 1.701400 ms  DeleteObjects: 0.103400 ms)

========================================================================
Received Import Request.
  Time since last request: 9.550017 seconds.
  path: Assets/Prefabs/Levels/Level.prefab
  artifactKey: Guid(461eb2c6a72e44f41802417b4e832327) Importer(815301076,1909f56bfc062723c751e8b465ee728b)
Start importing Assets/Prefabs/Levels/Level.prefab using Guid(461eb2c6a72e44f41802417b4e832327) Importer(815301076,1909f56bfc062723c751e8b465ee728b)  -> (artifact id: '2c6a9a825470cd0ab7990f2ca41972b6') in 0.025321 seconds
  Import took 0.029341 seconds .

========================================================================
Received Prepare
Registering precompiled user dll's ...
Registered in 0.000909 seconds.
Begin MonoManager ReloadAssembly
Native extension for WindowsStandalone target not found
Refreshing native plugins compatible for Editor in 0.37 ms, found 1 plugins.
Preloading 0 native plugins for Editor in 0.00 ms.
Invoked RoslynAnalysisRunner static constructor.
RoslynAnalysisRunner will not be running.
RoslynAnalysisRunner has terminated.
Mono: successfully reloaded assembly
- Completed reload, in  0.753 seconds
Platform modules already initialized, skipping
Refreshing native plugins compatible for Editor in 0.38 ms, found 1 plugins.
Preloading 0 native plugins for Editor in 0.00 ms.
Unloading 1790 Unused Serialized files (Serialized files now loaded: 0)
System memory in use before: 83.9 MB.
System memory in use after: 83.9 MB.

Unloading 12 unused Assets to reduce memory usage. Loaded Objects now: 2241.
Total: 2.156000 ms (FindLiveObjects: 0.212800 ms CreateObjectMapping: 0.039600 ms MarkObjects: 1.806900 ms  DeleteObjects: 0.095400 ms)

========================================================================
Received Import Request.
  Time since last request: 76.499154 seconds.
  path: Assets/Prefabs/Portal.prefab
  artifactKey: Guid(756d4830039ede64182123d70cae98be) Importer(815301076,1909f56bfc062723c751e8b465ee728b)
Start importing Assets/Prefabs/Portal.prefab using Guid(756d4830039ede64182123d70cae98be) Importer(815301076,1909f56bfc062723c751e8b465ee728b)  -> (artifact id: 'fd71a61d26ed57b372d7f52b4d0fbdbb') in 0.031759 seconds
  Import took 0.035336 seconds .

========================================================================
Received Prepare
Registering precompiled user dll's ...
Registered in 0.001555 seconds.
Begin MonoManager ReloadAssembly
Native extension for WindowsStandalone target not found
Refreshing native plugins compatible for Editor in 0.35 ms, found 1 plugins.
Preloading 0 native plugins for Editor in 0.00 ms.
Invoked RoslynAnalysisRunner static constructor.
RoslynAnalysisRunner will not be running.
RoslynAnalysisRunner has terminated.
Mono: successfully reloaded assembly
- Completed reload, in  0.799 seconds
Platform modules already initialized, skipping
Refreshing native plugins compatible for Editor in 0.56 ms, found 1 plugins.
Preloading 0 native plugins for Editor in 0.00 ms.
Unloading 1791 Unused Serialized files (Serialized files now loaded: 0)
System memory in use before: 84.0 MB.
System memory in use after: 84.0 MB.

Unloading 12 unused Assets to reduce memory usage. Loaded Objects now: 2245.
Total: 2.660900 ms (FindLiveObjects: 0.220900 ms CreateObjectMapping: 0.039500 ms MarkObjects: 2.283800 ms  DeleteObjects: 0.115700 ms)

========================================================================
Received Prepare
Registering precompiled user dll's ...
Registered in 0.001114 seconds.
Begin MonoManager ReloadAssembly
Native extension for WindowsStandalone target not found
Refreshing native plugins compatible for Editor in 0.36 ms, found 1 plugins.
Preloading 0 native plugins for Editor in 0.00 ms.
Invoked RoslynAnalysisRunner static constructor.
RoslynAnalysisRunner will not be running.
RoslynAnalysisRunner has terminated.
Mono: successfully reloaded assembly
- Completed reload, in  0.742 seconds
Platform modules already initialized, skipping
Refreshing native plugins compatible for Editor in 0.46 ms, found 1 plugins.
Preloading 0 native plugins for Editor in 0.00 ms.
Unloading 1791 Unused Serialized files (Serialized files now loaded: 0)
System memory in use before: 84.1 MB.
System memory in use after: 84.1 MB.

Unloading 12 unused Assets to reduce memory usage. Loaded Objects now: 2248.
Total: 2.042400 ms (FindLiveObjects: 0.232100 ms CreateObjectMapping: 0.046100 ms MarkObjects: 1.643500 ms  DeleteObjects: 0.118900 ms)

========================================================================
Received Prepare
Registering precompiled user dll's ...
Registered in 0.000762 seconds.
Begin MonoManager ReloadAssembly
Native extension for WindowsStandalone target not found
Refreshing native plugins compatible for Editor in 0.37 ms, found 1 plugins.
Preloading 0 native plugins for Editor in 0.00 ms.
Invoked RoslynAnalysisRunner static constructor.
RoslynAnalysisRunner will not be running.
RoslynAnalysisRunner has terminated.
Mono: successfully reloaded assembly
- Completed reload, in  0.747 seconds
Platform modules already initialized, skipping
Refreshing native plugins compatible for Editor in 0.36 ms, found 1 plugins.
Preloading 0 native plugins for Editor in 0.00 ms.
Unloading 1791 Unused Serialized files (Serialized files now loaded: 0)
System memory in use before: 84.2 MB.
System memory in use after: 84.2 MB.

Unloading 12 unused Assets to reduce memory usage. Loaded Objects now: 2251.
Total: 2.280500 ms (FindLiveObjects: 0.200900 ms CreateObjectMapping: 0.043300 ms MarkObjects: 1.947200 ms  DeleteObjects: 0.087800 ms)

========================================================================
Received Prepare
Registering precompiled user dll's ...
Registered in 0.001042 seconds.
Begin MonoManager ReloadAssembly
Native extension for WindowsStandalone target not found
Refreshing native plugins compatible for Editor in 0.53 ms, found 1 plugins.
Preloading 0 native plugins for Editor in 0.00 ms.
Invoked RoslynAnalysisRunner static constructor.
RoslynAnalysisRunner will not be running.
RoslynAnalysisRunner has terminated.
Mono: successfully reloaded assembly
- Completed reload, in  0.817 seconds
Platform modules already initialized, skipping
Refreshing native plugins compatible for Editor in 0.50 ms, found 1 plugins.
Preloading 0 native plugins for Editor in 0.00 ms.
Unloading 1791 Unused Serialized files (Serialized files now loaded: 0)
System memory in use before: 84.2 MB.
System memory in use after: 84.2 MB.

Unloading 12 unused Assets to reduce memory usage. Loaded Objects now: 2254.
Total: 3.923200 ms (FindLiveObjects: 0.450500 ms CreateObjectMapping: 0.054700 ms MarkObjects: 3.296400 ms  DeleteObjects: 0.119600 ms)

========================================================================
Received Prepare
Registering precompiled user dll's ...
Registered in 0.000864 seconds.
Begin MonoManager ReloadAssembly
Native extension for WindowsStandalone target not found
Refreshing native plugins compatible for Editor in 0.34 ms, found 1 plugins.
Preloading 0 native plugins for Editor in 0.00 ms.
Invoked RoslynAnalysisRunner static constructor.
RoslynAnalysisRunner will not be running.
RoslynAnalysisRunner has terminated.
Mono: successfully reloaded assembly
- Completed reload, in  0.741 seconds
Platform modules already initialized, skipping
Refreshing native plugins compatible for Editor in 0.72 ms, found 1 plugins.
Preloading 0 native plugins for Editor in 0.00 ms.
Unloading 1791 Unused Serialized files (Serialized files now loaded: 0)
System memory in use before: 84.3 MB.
System memory in use after: 84.3 MB.

Unloading 12 unused Assets to reduce memory usage. Loaded Objects now: 2257.
Total: 2.294300 ms (FindLiveObjects: 0.235800 ms CreateObjectMapping: 0.044200 ms MarkObjects: 1.921800 ms  DeleteObjects: 0.091100 ms)

========================================================================
Received Import Request.
  Time since last request: 256.571861 seconds.
  path: Assets/Prefabs/Levels/Level.prefab
  artifactKey: Guid(461eb2c6a72e44f41802417b4e832327) Importer(815301076,1909f56bfc062723c751e8b465ee728b)
Start importing Assets/Prefabs/Levels/Level.prefab using Guid(461eb2c6a72e44f41802417b4e832327) Importer(815301076,1909f56bfc062723c751e8b465ee728b)  -> (artifact id: '4f6309ffc1acfffe75988f5f96cbcfc5') in 0.031519 seconds
  Import took 0.035149 seconds .

========================================================================
Received Import Request.
  Time since last request: 1.743966 seconds.
  path: Assets/Prefabs/Levels/Level.prefab
  artifactKey: Guid(461eb2c6a72e44f41802417b4e832327) Importer(815301076,1909f56bfc062723c751e8b465ee728b)
Start importing Assets/Prefabs/Levels/Level.prefab using Guid(461eb2c6a72e44f41802417b4e832327) Importer(815301076,1909f56bfc062723c751e8b465ee728b)  -> (artifact id: '96e63f67c9d926070f125b3df50ad897') in 0.003707 seconds
  Import took 0.006769 seconds .

========================================================================
Received Import Request.
  Time since last request: 6.097708 seconds.
  path: Assets/Prefabs/Levels/Level.prefab
  artifactKey: Guid(461eb2c6a72e44f41802417b4e832327) Importer(815301076,1909f56bfc062723c751e8b465ee728b)
Start importing Assets/Prefabs/Levels/Level.prefab using Guid(461eb2c6a72e44f41802417b4e832327) Importer(815301076,1909f56bfc062723c751e8b465ee728b)  -> (artifact id: '7caa0937742b672f8c219eebf4c5d5d2') in 0.009102 seconds
  Import took 0.013586 seconds .

========================================================================
Received Import Request.
  Time since last request: 3.215161 seconds.
  path: Assets/Prefabs/Levels/Level.prefab
  artifactKey: Guid(461eb2c6a72e44f41802417b4e832327) Importer(815301076,1909f56bfc062723c751e8b465ee728b)
Start importing Assets/Prefabs/Levels/Level.prefab using Guid(461eb2c6a72e44f41802417b4e832327) Importer(815301076,1909f56bfc062723c751e8b465ee728b)  -> (artifact id: '3d342b28ba533d09335997a655c0708a') in 0.104334 seconds
  Import took 0.109383 seconds .

========================================================================
Received Import Request.
  Time since last request: 2.089595 seconds.
  path: Assets/Prefabs/Levels/Level.prefab
  artifactKey: Guid(461eb2c6a72e44f41802417b4e832327) Importer(815301076,1909f56bfc062723c751e8b465ee728b)
Start importing Assets/Prefabs/Levels/Level.prefab using Guid(461eb2c6a72e44f41802417b4e832327) Importer(815301076,1909f56bfc062723c751e8b465ee728b)  -> (artifact id: '56d2e64a76015328c49b490f669dc7c3') in 0.015430 seconds
  Import took 0.019648 seconds .

========================================================================
Received Import Request.
  Time since last request: 2.392254 seconds.
  path: Assets/Prefabs/Levels/Level.prefab
  artifactKey: Guid(461eb2c6a72e44f41802417b4e832327) Importer(815301076,1909f56bfc062723c751e8b465ee728b)
Start importing Assets/Prefabs/Levels/Level.prefab using Guid(461eb2c6a72e44f41802417b4e832327) Importer(815301076,1909f56bfc062723c751e8b465ee728b)  -> (artifact id: '27d66ab9550864053dea57b99773b06a') in 0.016260 seconds
  Import took 0.019849 seconds .

========================================================================
Received Import Request.
  Time since last request: 0.790306 seconds.
  path: Assets/Prefabs/Levels/Level.prefab
  artifactKey: Guid(461eb2c6a72e44f41802417b4e832327) Importer(815301076,1909f56bfc062723c751e8b465ee728b)
Start importing Assets/Prefabs/Levels/Level.prefab using Guid(461eb2c6a72e44f41802417b4e832327) Importer(815301076,1909f56bfc062723c751e8b465ee728b)  -> (artifact id: 'c90c5b59b3c97cc2a05cf677909c1d0c') in 0.028731 seconds
  Import took 0.032045 seconds .

========================================================================
Received Import Request.
  Time since last request: 0.980049 seconds.
  path: Assets/Prefabs/Levels/Level.prefab
  artifactKey: Guid(461eb2c6a72e44f41802417b4e832327) Importer(815301076,1909f56bfc062723c751e8b465ee728b)
Start importing Assets/Prefabs/Levels/Level.prefab using Guid(461eb2c6a72e44f41802417b4e832327) Importer(815301076,1909f56bfc062723c751e8b465ee728b)  -> (artifact id: '243d8f5360d8eb111f6501b4effd24a8') in 0.014783 seconds
  Import took 0.018714 seconds .

========================================================================
Received Import Request.
  Time since last request: 6.051228 seconds.
  path: Assets/Prefabs/Levels/Level.prefab
  artifactKey: Guid(461eb2c6a72e44f41802417b4e832327) Importer(815301076,1909f56bfc062723c751e8b465ee728b)
Start importing Assets/Prefabs/Levels/Level.prefab using Guid(461eb2c6a72e44f41802417b4e832327) Importer(815301076,1909f56bfc062723c751e8b465ee728b)  -> (artifact id: '8c864527bead69e4f5bb3963b8e11cbc') in 0.032199 seconds
  Import took 0.036441 seconds .

========================================================================
Received Import Request.
  Time since last request: 1.759119 seconds.
  path: Assets/Prefabs/Levels/Level.prefab
  artifactKey: Guid(461eb2c6a72e44f41802417b4e832327) Importer(815301076,1909f56bfc062723c751e8b465ee728b)
Start importing Assets/Prefabs/Levels/Level.prefab using Guid(461eb2c6a72e44f41802417b4e832327) Importer(815301076,1909f56bfc062723c751e8b465ee728b)  -> (artifact id: '740046d0816ccc1bb7a3da3fb1446e0a') in 0.016594 seconds
  Import took 0.020806 seconds .

========================================================================
Received Prepare
Registering precompiled user dll's ...
Registered in 0.000741 seconds.
Begin MonoManager ReloadAssembly
Native extension for WindowsStandalone target not found
Refreshing native plugins compatible for Editor in 0.37 ms, found 1 plugins.
Preloading 0 native plugins for Editor in 0.00 ms.
Invoked RoslynAnalysisRunner static constructor.
RoslynAnalysisRunner will not be running.
RoslynAnalysisRunner has terminated.
Mono: successfully reloaded assembly
- Completed reload, in  0.803 seconds
Platform modules already initialized, skipping
Refreshing native plugins compatible for Editor in 0.36 ms, found 1 plugins.
Preloading 0 native plugins for Editor in 0.00 ms.
Unloading 1791 Unused Serialized files (Serialized files now loaded: 0)
System memory in use before: 87.5 MB.
System memory in use after: 87.5 MB.

Unloading 12 unused Assets to reduce memory usage. Loaded Objects now: 2267.
Total: 2.434200 ms (FindLiveObjects: 0.403100 ms CreateObjectMapping: 0.051600 ms MarkObjects: 1.881000 ms  DeleteObjects: 0.097300 ms)

========================================================================
Received Prepare
Registering precompiled user dll's ...
Registered in 0.000775 seconds.
Begin MonoManager ReloadAssembly
Native extension for WindowsStandalone target not found
Refreshing native plugins compatible for Editor in 0.36 ms, found 1 plugins.
Preloading 0 native plugins for Editor in 0.00 ms.
Invoked RoslynAnalysisRunner static constructor.
RoslynAnalysisRunner will not be running.
RoslynAnalysisRunner has terminated.
Mono: successfully reloaded assembly
- Completed reload, in  0.811 seconds
Platform modules already initialized, skipping
Refreshing native plugins compatible for Editor in 0.38 ms, found 1 plugins.
Preloading 0 native plugins for Editor in 0.00 ms.
Unloading 1791 Unused Serialized files (Serialized files now loaded: 0)
System memory in use before: 87.5 MB.
System memory in use after: 87.5 MB.

Unloading 12 unused Assets to reduce memory usage. Loaded Objects now: 2270.
Total: 2.077600 ms (FindLiveObjects: 0.288900 ms CreateObjectMapping: 0.043100 ms MarkObjects: 1.649300 ms  DeleteObjects: 0.095100 ms)

========================================================================
Received Prepare
Registering precompiled user dll's ...
Registered in 0.000732 seconds.
Begin MonoManager ReloadAssembly
Native extension for WindowsStandalone target not found
Refreshing native plugins compatible for Editor in 0.58 ms, found 1 plugins.
Preloading 0 native plugins for Editor in 0.00 ms.
Invoked RoslynAnalysisRunner static constructor.
RoslynAnalysisRunner will not be running.
RoslynAnalysisRunner has terminated.
Mono: successfully reloaded assembly
- Completed reload, in  0.758 seconds
Platform modules already initialized, skipping
Refreshing native plugins compatible for Editor in 0.51 ms, found 1 plugins.
Preloading 0 native plugins for Editor in 0.00 ms.
Unloading 1791 Unused Serialized files (Serialized files now loaded: 0)
System memory in use before: 87.6 MB.
System memory in use after: 87.6 MB.

Unloading 12 unused Assets to reduce memory usage. Loaded Objects now: 2273.
Total: 2.466700 ms (FindLiveObjects: 0.359700 ms CreateObjectMapping: 0.049200 ms MarkObjects: 1.959700 ms  DeleteObjects: 0.096100 ms)

========================================================================
Received Prepare
Registering precompiled user dll's ...
Registered in 0.000662 seconds.
Begin MonoManager ReloadAssembly
Native extension for WindowsStandalone target not found
Refreshing native plugins compatible for Editor in 0.36 ms, found 1 plugins.
Preloading 0 native plugins for Editor in 0.00 ms.
Invoked RoslynAnalysisRunner static constructor.
RoslynAnalysisRunner will not be running.
RoslynAnalysisRunner has terminated.
Mono: successfully reloaded assembly
- Completed reload, in  0.758 seconds
Platform modules already initialized, skipping
Refreshing native plugins compatible for Editor in 0.35 ms, found 1 plugins.
Preloading 0 native plugins for Editor in 0.00 ms.
Unloading 1791 Unused Serialized files (Serialized files now loaded: 0)
System memory in use before: 87.7 MB.
System memory in use after: 87.7 MB.

Unloading 12 unused Assets to reduce memory usage. Loaded Objects now: 2276.
Total: 3.923800 ms (FindLiveObjects: 0.543800 ms CreateObjectMapping: 0.059000 ms MarkObjects: 3.131900 ms  DeleteObjects: 0.187200 ms)

========================================================================
Received Prepare
Registering precompiled user dll's ...
Registered in 0.001125 seconds.
Begin MonoManager ReloadAssembly
Native extension for WindowsStandalone target not found
Refreshing native plugins compatible for Editor in 0.56 ms, found 1 plugins.
Preloading 0 native plugins for Editor in 0.00 ms.
Invoked RoslynAnalysisRunner static constructor.
RoslynAnalysisRunner will not be running.
RoslynAnalysisRunner has terminated.
Mono: successfully reloaded assembly
- Completed reload, in  0.768 seconds
Platform modules already initialized, skipping
Refreshing native plugins compatible for Editor in 0.36 ms, found 1 plugins.
Preloading 0 native plugins for Editor in 0.00 ms.
Unloading 1791 Unused Serialized files (Serialized files now loaded: 0)
System memory in use before: 87.8 MB.
System memory in use after: 87.7 MB.

Unloading 12 unused Assets to reduce memory usage. Loaded Objects now: 2279.
Total: 2.549200 ms (FindLiveObjects: 0.224000 ms CreateObjectMapping: 0.039100 ms MarkObjects: 2.153300 ms  DeleteObjects: 0.131000 ms)

========================================================================
Received Prepare
Registering precompiled user dll's ...
Registered in 0.000756 seconds.
Begin MonoManager ReloadAssembly
Native extension for WindowsStandalone target not found
Refreshing native plugins compatible for Editor in 0.58 ms, found 1 plugins.
Preloading 0 native plugins for Editor in 0.00 ms.
Invoked RoslynAnalysisRunner static constructor.
RoslynAnalysisRunner will not be running.
RoslynAnalysisRunner has terminated.
Mono: successfully reloaded assembly
- Completed reload, in  0.743 seconds
Platform modules already initialized, skipping
Refreshing native plugins compatible for Editor in 0.71 ms, found 1 plugins.
Preloading 0 native plugins for Editor in 0.00 ms.
Unloading 1791 Unused Serialized files (Serialized files now loaded: 0)
System memory in use before: 87.8 MB.
System memory in use after: 87.8 MB.

Unloading 12 unused Assets to reduce memory usage. Loaded Objects now: 2282.
Total: 2.362500 ms (FindLiveObjects: 0.523200 ms CreateObjectMapping: 0.056200 ms MarkObjects: 1.683600 ms  DeleteObjects: 0.096000 ms)

========================================================================
Received Prepare
Registering precompiled user dll's ...
Registered in 0.000954 seconds.
Begin MonoManager ReloadAssembly
Native extension for WindowsStandalone target not found
Refreshing native plugins compatible for Editor in 0.50 ms, found 1 plugins.
Preloading 0 native plugins for Editor in 0.00 ms.
Invoked RoslynAnalysisRunner static constructor.
RoslynAnalysisRunner will not be running.
RoslynAnalysisRunner has terminated.
Mono: successfully reloaded assembly
- Completed reload, in  0.740 seconds
Platform modules already initialized, skipping
Refreshing native plugins compatible for Editor in 1.33 ms, found 1 plugins.
Preloading 0 native plugins for Editor in 0.00 ms.
Unloading 1791 Unused Serialized files (Serialized files now loaded: 0)
System memory in use before: 87.9 MB.
System memory in use after: 87.9 MB.

Unloading 12 unused Assets to reduce memory usage. Loaded Objects now: 2285.
Total: 2.125400 ms (FindLiveObjects: 0.321300 ms CreateObjectMapping: 0.041300 ms MarkObjects: 1.660600 ms  DeleteObjects: 0.100700 ms)

========================================================================
Received Prepare
Registering precompiled user dll's ...
Registered in 0.001005 seconds.
Begin MonoManager ReloadAssembly
Native extension for WindowsStandalone target not found
Refreshing native plugins compatible for Editor in 0.34 ms, found 1 plugins.
Preloading 0 native plugins for Editor in 0.00 ms.
Invoked RoslynAnalysisRunner static constructor.
RoslynAnalysisRunner will not be running.
RoslynAnalysisRunner has terminated.
Mono: successfully reloaded assembly
- Completed reload, in  0.778 seconds
Platform modules already initialized, skipping
Refreshing native plugins compatible for Editor in 0.34 ms, found 1 plugins.
Preloading 0 native plugins for Editor in 0.00 ms.
Unloading 1791 Unused Serialized files (Serialized files now loaded: 0)
System memory in use before: 88.0 MB.
System memory in use after: 88.0 MB.

Unloading 12 unused Assets to reduce memory usage. Loaded Objects now: 2288.
Total: 1.823500 ms (FindLiveObjects: 0.212400 ms CreateObjectMapping: 0.040900 ms MarkObjects: 1.481700 ms  DeleteObjects: 0.087300 ms)

========================================================================
Received Prepare
Registering precompiled user dll's ...
Registered in 0.000984 seconds.
Begin MonoManager ReloadAssembly
Native extension for WindowsStandalone target not found
Refreshing native plugins compatible for Editor in 0.35 ms, found 1 plugins.
Preloading 0 native plugins for Editor in 0.00 ms.
Invoked RoslynAnalysisRunner static constructor.
RoslynAnalysisRunner will not be running.
RoslynAnalysisRunner has terminated.
Mono: successfully reloaded assembly
- Completed reload, in  0.741 seconds
Platform modules already initialized, skipping
Refreshing native plugins compatible for Editor in 0.46 ms, found 1 plugins.
Preloading 0 native plugins for Editor in 0.00 ms.
Unloading 1791 Unused Serialized files (Serialized files now loaded: 0)
System memory in use before: 88.0 MB.
System memory in use after: 88.0 MB.

Unloading 12 unused Assets to reduce memory usage. Loaded Objects now: 2291.
Total: 2.737800 ms (FindLiveObjects: 0.407700 ms CreateObjectMapping: 0.046600 ms MarkObjects: 2.182200 ms  DeleteObjects: 0.098900 ms)

AssetImportWorkerClient::OnTransportError - code=2 error=End of file
